<?xml version="1.0" encoding="UTF-8"?>
<testsuite xmlns:xsi="http://www.w3.org/2001/XMLSchema-instance" xsi:noNamespaceSchemaLocation="https://maven.apache.org/surefire/maven-surefire-plugin/xsd/surefire-test-report.xsd" name="com.itheima.SpringbootMybatisCrudApplicationTests" time="2.783" tests="5" errors="0" skipped="0" failures="0">
  <properties>
[...]
</properties>
  <testcase name="testList" classname="com.itheima.SpringbootMybatisCrudApplicationTests" time="1.225"/>
  <testcase name="testGetById" classname="com.itheima.SpringbootMybatisCrudApplicationTests" time="0.004"/>
  <testcase name="testDelete" classname="com.itheima.SpringbootMybatisCrudApplicationTests" time="0.005"/>
  <testcase name="testInsert" classname="com.itheima.SpringbootMybatisCrudApplicationTests" time="0.011"/>
  <testcase name="testUpdate" classname="com.itheima.SpringbootMybatisCrudApplicationTests" time="0.009"/>
</testsuite>